<?xml version="1.0" encoding="UTF-8"?>
<!-- Generated by org.testng.reporters.JUnitReportReporter -->
<testsuite hostname="TYSS-Mahesh" failures="0" tests="1" name="Mahesh.SwipeImage" time="7.141" errors="0" timestamp="2023-04-11T15:16:24 IST" skipped="0">
  <testcase classname="Mahesh.SwipeImage" name="LongPres" time="7.141"/>
  <system-out/>
</testsuite> <!-- Mahesh.SwipeImage -->
