<?xml version="1.0" encoding="UTF-8"?>
<!-- Generated by org.testng.reporters.JUnitReportReporter -->
<testsuite hostname="TYSS-Mahesh" failures="0" tests="1" name="Mahesh.ScrollPage" time="9.205" errors="0" timestamp="2023-04-11T13:09:42 IST" skipped="0">
  <testcase classname="Mahesh.ScrollPage" name="LongPres" time="9.205"/>
  <system-out/>
</testsuite> <!-- Mahesh.ScrollPage -->
