<?xml version="1.0" encoding="UTF-8"?>
<!-- Generated by org.testng.reporters.JUnitReportReporter -->
<testsuite hostname="TYSS-Mahesh" failures="0" tests="1" name="Mahesh.AppiumBas" time="14.848" errors="0" timestamp="2023-04-11T11:07:36 IST" skipped="0">
  <testcase classname="Mahesh.AppiumBas" name="AppiumTest" time="14.848"/>
  <system-out/>
</testsuite> <!-- Mahesh.AppiumBas -->
