<?xml version="1.0" encoding="UTF-8"?>
<!-- Generated by org.testng.reporters.JUnitReportReporter -->
<testsuite hostname="TYSS-Mahesh" failures="0" tests="1" name="Ecommerce.MobilebrowserTest" time="8.898" errors="0" timestamp="2023-04-12T11:32:30 IST" skipped="0">
  <testcase classname="Ecommerce.MobilebrowserTest" name="MobileBrowserTest" time="8.898"/>
  <system-out/>
</testsuite> <!-- Ecommerce.MobilebrowserTest -->
